<?xml version="1.0" encoding="UTF-8"?>
<testsuite name="com.ait.phonebook.AddNewContactTests" tests="1" skipped="0" failures="0" errors="0" timestamp="2023-09-06T18:01:51" hostname="DESKTOP-OS617JJ" time="3.046">
  <properties/>
  <testcase name="addNewContactPositiveTest" classname="com.ait.phonebook.AddNewContactTests" time="3.046"/>
  <system-out><![CDATA[]]></system-out>
  <system-err><![CDATA[Starting ChromeDriver 116.0.5845.96 (1a391816688002153ef791ffe60d9e899a71a037-refs/branch-heads/5845@{#1382}) on port 18425
Only local connections are allowed.
Please see https://chromedriver.chromium.org/security-considerations for suggestions on keeping ChromeDriver safe.
ChromeDriver was started successfully.
Sep. 06, 2023 8:01:48 NACHM. org.openqa.selenium.remote.ProtocolHandshake createSession
INFORMATION: Detected dialect: W3C
]]></system-err>
</testsuite>
